# JRE version: OpenJDK Runtime Environment (19.0.1+10) (build 19.0.1+10-21)
# Java VM: OpenJDK 64-Bit Server VM (19.0.1+10-21, mixed mode, sharing, tiered, compressed oops, compressed class ptrs, g1 gc, bsd-aarch64)
GC Precious Log:
 CardTable entry size: 512
 Card Set container configuration: InlinePtr #cards 4 size 8 Array Of Cards #cards 16 size 48 Howl #buckets 8 coarsen threshold 3686 Howl Bitmap #cards 512 size 80 coarsen threshold 460 Card regions per heap region 1 cards per card region 4096
 CPUs: 8 total, 8 available
 Memory: 16384M
 Large Page Support: Disabled
 NUMA Support: Disabled
 Compressed Oops: Enabled (Zero based)
 Heap Region Size: 2M
 Heap Min Capacity: 8M
 Heap Initial Capacity: 256M
 Heap Max Capacity: 4G
 Pre-touch: Disabled
 Parallel Workers: 8
 Concurrent Workers: 2
 Concurrent Refinement Workers: 8
 Periodic GC: Disabled
Heap:
 garbage-first heap   total 358400K, used 348649K [0x0000000700000000, 0x0000000800000000)
  region size 2048K, 32 young (65536K), 2 survivors (4096K)
 Metaspace       used 14663K, committed 14976K, reserved 1114112K
  class space    used 1959K, committed 2112K, reserved 1048576K
GC Heap History (20 events):
Event: 12.335 GC heap before
{Heap before GC invocations=7 (full 0):
 garbage-first heap   total 223232K, used 180906K [0x0000000700000000, 0x0000000800000000)
  region size 2048K, 6 young (12288K), 5 survivors (10240K)
 Metaspace       used 14226K, committed 14528K, reserved 1114112K
  class space    used 1958K, committed 2112K, reserved 1048576K
}
Event: 12.343 GC heap after
{Heap after GC invocations=8 (full 0):
 garbage-first heap   total 223232K, used 169390K [0x0000000700000000, 0x0000000800000000)
  region size 2048K, 1 young (2048K), 1 survivors (2048K)
 Metaspace       used 14226K, committed 14528K, reserved 1114112K
  class space    used 1958K, committed 2112K, reserved 1048576K
}
Event: 20.089 GC heap before
{Heap before GC invocations=8 (full 0):
 garbage-first heap   total 223232K, used 169390K [0x0000000700000000, 0x0000000800000000)
  region size 2048K, 3 young (6144K), 1 survivors (2048K)
 Metaspace       used 14388K, committed 14720K, reserved 1114112K
  class space    used 1958K, committed 2112K, reserved 1048576K
}
Event: 20.091 GC heap after
{Heap after GC invocations=9 (full 0):
 garbage-first heap   total 223232K, used 170062K [0x0000000700000000, 0x0000000800000000)
  region size 2048K, 1 young (2048K), 1 survivors (2048K)
 Metaspace       used 14388K, committed 14720K, reserved 1114112K
  class space    used 1958K, committed 2112K, reserved 1048576K
}
Event: 20.210 GC heap before
{Heap before GC invocations=10 (full 0):
 garbage-first heap   total 198656K, used 90190K [0x0000000700000000, 0x0000000800000000)
  region size 2048K, 6 young (12288K), 1 survivors (2048K)
 Metaspace       used 14393K, committed 14720K, reserved 1114112K
  class space    used 1958K, committed 2112K, reserved 1048576K
}
Event: 20.211 GC heap after
{Heap after GC invocations=11 (full 0):
 garbage-first heap   total 198656K, used 91436K [0x0000000700000000, 0x0000000800000000)
  region size 2048K, 1 young (2048K), 1 survivors (2048K)
 Metaspace       used 14393K, committed 14720K, reserved 1114112K
  class space    used 1958K, committed 2112K, reserved 1048576K
}
Event: 20.266 GC heap before
{Heap before GC invocations=11 (full 0):
 garbage-first heap   total 198656K, used 111916K [0x0000000700000000, 0x0000000800000000)
  region size 2048K, 4 young (8192K), 1 survivors (2048K)
 Metaspace       used 14405K, committed 14720K, reserved 1114112K
  class space    used 1958K, committed 2112K, reserved 1048576K
}
Event: 20.266 GC heap after
{Heap after GC invocations=12 (full 0):
 garbage-first heap   total 198656K, used 101676K [0x0000000700000000, 0x0000000800000000)
  region size 2048K, 1 young (2048K), 1 survivors (2048K)
 Metaspace       used 14405K, committed 14720K, reserved 1114112K
  class space    used 1958K, committed 2112K, reserved 1048576K
}
Event: 20.270 GC heap before
{Heap before GC invocations=12 (full 0):
 garbage-first heap   total 198656K, used 101676K [0x0000000700000000, 0x0000000800000000)
  region size 2048K, 2 young (4096K), 1 survivors (2048K)
 Metaspace       used 14412K, committed 14720K, reserved 1114112K
  class space    used 1958K, committed 2112K, reserved 1048576K
}
Event: 20.271 GC heap after
{Heap after GC invocations=13 (full 0):
 garbage-first heap   total 239616K, used 102317K [0x0000000700000000, 0x0000000800000000)
  region size 2048K, 2 young (4096K), 2 survivors (4096K)
 Metaspace       used 14412K, committed 14720K, reserved 1114112K
  class space    used 1958K, committed 2112K, reserved 1048576K
}
Event: 20.285 GC heap before
{Heap before GC invocations=13 (full 0):
 garbage-first heap   total 239616K, used 106413K [0x0000000700000000, 0x0000000800000000)
  region size 2048K, 3 young (6144K), 2 survivors (4096K)
 Metaspace       used 14425K, committed 14720K, reserved 1114112K
  class space    used 1958K, committed 2112K, reserved 1048576K
}
Event: 20.285 GC heap after
{Heap after GC invocations=14 (full 0):
 garbage-first heap   total 239616K, used 107700K [0x0000000700000000, 0x0000000800000000)
  region size 2048K, 2 young (4096K), 2 survivors (4096K)
 Metaspace       used 14425K, committed 14720K, reserved 1114112K
  class space    used 1958K, committed 2112K, reserved 1048576K
}
Event: 20.292 GC heap before
{Heap before GC invocations=14 (full 0):
 garbage-first heap   total 239616K, used 109748K [0x0000000700000000, 0x0000000800000000)
  region size 2048K, 3 young (6144K), 2 survivors (4096K)
 Metaspace       used 14425K, committed 14720K, reserved 1114112K
  class space    used 1958K, committed 2112K, reserved 1048576K
}
Event: 20.293 GC heap after
{Heap after GC invocations=15 (full 0):
 garbage-first heap   total 239616K, used 110521K [0x0000000700000000, 0x0000000800000000)
  region size 2048K, 2 young (4096K), 2 survivors (4096K)
 Metaspace       used 14425K, committed 14720K, reserved 1114112K
  class space    used 1958K, committed 2112K, reserved 1048576K
}
Event: 26.381 GC heap before
{Heap before GC invocations=16 (full 0):
 garbage-first heap   total 239616K, used 233401K [0x0000000700000000, 0x0000000800000000)
  region size 2048K, 19 young (38912K), 2 survivors (4096K)
 Metaspace       used 14485K, committed 14784K, reserved 1114112K
  class space    used 1958K, committed 2112K, reserved 1048576K
}
Event: 26.382 GC heap after
{Heap after GC invocations=17 (full 0):
 garbage-first heap   total 253952K, used 157734K [0x0000000700000000, 0x0000000800000000)
  region size 2048K, 3 young (6144K), 3 survivors (6144K)
 Metaspace       used 14485K, committed 14784K, reserved 1114112K
  class space    used 1958K, committed 2112K, reserved 1048576K
}
Event: 26.436 GC heap before
{Heap before GC invocations=17 (full 0):
 garbage-first heap   total 253952K, used 178214K [0x0000000700000000, 0x0000000800000000)
  region size 2048K, 6 young (12288K), 3 survivors (6144K)
 Metaspace       used 14485K, committed 14784K, reserved 1114112K
  class space    used 1958K, committed 2112K, reserved 1048576K
}
Event: 26.437 GC heap after
{Heap after GC invocations=18 (full 0):
 garbage-first heap   total 253952K, used 178024K [0x0000000700000000, 0x0000000800000000)
  region size 2048K, 1 young (2048K), 1 survivors (2048K)
 Metaspace       used 14485K, committed 14784K, reserved 1114112K
  class space    used 1958K, committed 2112K, reserved 1048576K
}
Event: 26.441 GC heap before
{Heap before GC invocations=18 (full 0):
 garbage-first heap   total 253952K, used 178024K [0x0000000700000000, 0x0000000800000000)
  region size 2048K, 2 young (4096K), 1 survivors (2048K)
 Metaspace       used 14485K, committed 14784K, reserved 1114112K
  class space    used 1958K, committed 2112K, reserved 1048576K
}
Event: 26.441 GC heap after
{Heap after GC invocations=19 (full 0):
 garbage-first heap   total 358400K, used 178665K [0x0000000700000000, 0x0000000800000000)
  region size 2048K, 2 young (4096K), 2 survivors (4096K)
 Metaspace       used 14485K, committed 14784K, reserved 1114112K
  class space    used 1958K, committed 2112K, reserved 1048576K
}

